<?xml version="1.0" encoding="UTF-8"?>
<!-- Generated by org.testng.reporters.JUnitReportReporter -->
<testsuite skipped="0" hostname="Subrahmanyas-MacBook-Pro.local" name="testRunner.TestRunner" tests="1" failures="0" timestamp="15 Jan 2021 00:23:39 GMT" time="155.735" errors="0">
  <testcase name="runScenario" time="155.735" classname="testRunner.TestRunner"/>
</testsuite> <!-- testRunner.TestRunner -->
